Building for production...
[0/4] Write sources
[1/4] Write swift-version--1AB21518FC5DEDBE.txt
[3/5] Compiling Aumi AppDelegate.swift
/Users/yash/Aumi/macos/Sources/Aumi/ScreenMirror/ScreenMirrorWindow.swift:24:13: warning: initialization of immutable value 'screenRect' was never used; consider replacing with assignment to '_' or removing it [#no-usage]
 22 |     
 23 |     init() {
 24 |         let screenRect = NSScreen.main?.frame ?? NSRect(x: 0, y: 0, width: 1280, height: 720)
    |             `- warning: initialization of immutable value 'screenRect' was never used; consider replacing with assignment to '_' or removing it [#no-usage]
 25 |         let rect = NSRect(x: 0, y: 0, width: 1280 * 0.5, height: 720 * 0.5)
 26 |         

/Users/yash/Aumi/macos/Sources/Aumi/ScreenMirror/ScreenMirrorWindow.swift:89:19: warning: immutable value 'texture' was never used; consider replacing with '_' or removing it [#no-usage]
 87 |     
 88 |     func draw(in view: MTKView) {
 89 |         guard let texture = currentTexture,
    |                   `- warning: immutable value 'texture' was never used; consider replacing with '_' or removing it [#no-usage]
 90 |               let renderPassDescriptor = view.currentRenderPassDescriptor,
 91 |               let commandBuffer = commandQueue.makeCommandBuffer(),

/Users/yash/Aumi/macos/Sources/Aumi/Streaming/AudioCapture.swift:55:13: warning: initialization of immutable value 'channels' was never used; consider replacing with assignment to '_' or removing it [#no-usage]
53 |     private func toData(buffer: AVAudioPCMBuffer) -> Data {
54 |         let frameCount = Int(buffer.frameLength)
55 |         let channels = Int(buffer.format.channelCount)
   |             `- warning: initialization of immutable value 'channels' was never used; consider replacing with assignment to '_' or removing it [#no-usage]
56 |         let src = buffer.floatChannelData![0]
57 |         

/Users/yash/Aumi/macos/Sources/Aumi/Streaming/AudioCapture.swift:84:13: warning: variable 'seq' was never mutated; consider changing to 'let' constant
82 |         
83 |         var packet = Data()
84 |         var seq: UInt16 = 0 // Needs to be incremented
   |             `- warning: variable 'seq' was never mutated; consider changing to 'let' constant
85 |         packet.append(contentsOf: [UInt8(seq >> 8), UInt8(seq & 0xFF)])
86 |         packet.append(iv)

/Users/yash/Aumi/macos/Sources/Aumi/UI/MenuBarView.swift:122:29: warning: variable 'self' was written to, but never read
120 |         panel.canChooseFiles = true
121 |         panel.allowsMultipleSelection = false
122 |         panel.begin { [weak self] response in
    |                             `- warning: variable 'self' was written to, but never read
123 |             if response == .OK, let url = panel.url {
124 |                 AumiFileTransferManager.shared.sendFile(url: url)

/Users/yash/Aumi/macos/Sources/Aumi/VideoDecoder.swift:123:28: warning: result of call to 'withUnsafeBytes' is unused [#no-usage]
121 |         )
122 |         guard let buffer = blockBuffer else { return }
123 |         lengthPrefixedData.withUnsafeBytes {
    |                            `- warning: result of call to 'withUnsafeBytes' is unused [#no-usage]
124 |             CMBlockBufferReplaceDataBytes(
125 |                 with: $0.baseAddress!, blockBuffer: buffer,

/Users/yash/Aumi/macos/Sources/Aumi/AudioPlayer.swift:135:76: warning: forming 'UnsafeMutableRawPointer' to a variable of type 'CFString'; this is likely incorrect because 'CFString' may contain an object reference.
133 |             mElement:  kAudioObjectPropertyElementMain
134 |         )
135 |         AudioObjectGetPropertyData(deviceID, &nameAddr, 0, nil, &nameSize, &nameRef)
    |                                                                            `- warning: forming 'UnsafeMutableRawPointer' to a variable of type 'CFString'; this is likely incorrect because 'CFString' may contain an object reference.
136 |         return nameRef as String
137 |     }

/Users/yash/Aumi/macos/Sources/Aumi/AudioRouteManager.swift:113:79: warning: forming 'UnsafeMutableRawPointer' to a variable of type 'CFString'; this is likely incorrect because 'CFString' may contain an object reference.
111 |             mElement:  kAudioObjectPropertyElementMain
112 |         )
113 |         AudioObjectGetPropertyData(deviceID, &nameAddress, 0, nil, &nameSize, &nameRef)
    |                                                                               `- warning: forming 'UnsafeMutableRawPointer' to a variable of type 'CFString'; this is likely incorrect because 'CFString' may contain an object reference.
114 |         return nameRef as String
115 |     }
[3/5] Write Objects.LinkFileList
[4/5] Linking Aumi
Build complete! (4.04s)
